# JRE version: Java(TM) SE Runtime Environment (8.0_45-b14) (build 1.8.0_45-b14)
# Java VM: Java HotSpot(TM) 64-Bit Server VM (25.45-b02 mixed mode linux-amd64 compressed oops)
Heap:
 def new generation   total 66880K, used 44009K [0x0000000080000000, 0x0000000084890000, 0x00000000aaaa0000)
  eden space 59456K,  61% used [0x0000000080000000, 0x00000000823ba6b8, 0x0000000083a10000)
  from space 7424K, 100% used [0x0000000084150000, 0x0000000084890000, 0x0000000084890000)
  to   space 7424K,   0% used [0x0000000083a10000, 0x0000000083a10000, 0x0000000084150000)
 tenured generation   total 148512K, used 111259K [0x00000000aaaa0000, 0x00000000b3ba8000, 0x0000000100000000)
   the space 148512K,  74% used [0x00000000aaaa0000, 0x00000000b1746df0, 0x00000000b1746e00, 0x00000000b3ba8000)
 Metaspace       used 72985K, capacity 77374K, committed 77440K, reserved 1114112K
  class space    used 10188K, capacity 11876K, committed 11904K, reserved 1048576K
GC Heap History (10 events):
Event: 821.734 GC heap before
{Heap before GC invocations=64 (full 7):
 def new generation   total 66880K, used 59456K [0x0000000080000000, 0x0000000084890000, 0x00000000aaaa0000)
  eden space 59456K, 100% used [0x0000000080000000, 0x0000000083a10000, 0x0000000083a10000)
  from space 7424K,   0% used [0x0000000083a10000, 0x0000000083a10000, 0x0000000084150000)
  to   space 7424K,   0% used [0x0000000084150000, 0x0000000084150000, 0x0000000084890000)
 tenured generation   total 148512K, used 89106K [0x00000000aaaa0000, 0x00000000b3ba8000, 0x0000000100000000)
   the space 148512K,  59% used [0x00000000aaaa0000, 0x00000000b01a4b70, 0x00000000b01a4c00, 0x00000000b3ba8000)
 Metaspace       used 66467K, capacity 70356K, committed 70656K, reserved 1110016K
  class space    used 9203K, capacity 10689K, committed 10752K, reserved 1048576K
Event: 821.797 GC heap after
Heap after GC invocations=65 (full 7):
 def new generation   total 66880K, used 5210K [0x0000000080000000, 0x0000000084890000, 0x00000000aaaa0000)
  eden space 59456K,   0% used [0x0000000080000000, 0x0000000080000000, 0x0000000083a10000)
  from space 7424K,  70% used [0x0000000084150000, 0x0000000084666b70, 0x0000000084890000)
  to   space 7424K,   0% used [0x0000000083a10000, 0x0000000083a10000, 0x0000000084150000)
 tenured generation   total 148512K, used 89106K [0x00000000aaaa0000, 0x00000000b3ba8000, 0x0000000100000000)
   the space 148512K,  59% used [0x00000000aaaa0000, 0x00000000b01a4b70, 0x00000000b01a4c00, 0x00000000b3ba8000)
 Metaspace       used 66467K, capacity 70356K, committed 70656K, reserved 1110016K
  class space    used 9203K, capacity 10689K, committed 10752K, reserved 1048576K
}
Event: 824.910 GC heap before
{Heap before GC invocations=65 (full 7):
 def new generation   total 66880K, used 64666K [0x0000000080000000, 0x0000000084890000, 0x00000000aaaa0000)
  eden space 59456K, 100% used [0x0000000080000000, 0x0000000083a10000, 0x0000000083a10000)
  from space 7424K,  70% used [0x0000000084150000, 0x0000000084666b70, 0x0000000084890000)
  to   space 7424K,   0% used [0x0000000083a10000, 0x0000000083a10000, 0x0000000084150000)
 tenured generation   total 148512K, used 89106K [0x00000000aaaa0000, 0x00000000b3ba8000, 0x0000000100000000)
   the space 148512K,  59% used [0x00000000aaaa0000, 0x00000000b01a4b70, 0x00000000b01a4c00, 0x00000000b3ba8000)
 Metaspace       used 70387K, capacity 74368K, committed 74624K, reserved 1112064K
  class space    used 9806K, capacity 11341K, committed 11392K, reserved 1048576K
Event: 825.064 GC heap after
Heap after GC invocations=66 (full 7):
 def new generation   total 66880K, used 7423K [0x0000000080000000, 0x0000000084890000, 0x00000000aaaa0000)
  eden space 59456K,   0% used [0x0000000080000000, 0x0000000080000000, 0x0000000083a10000)
  from space 7424K,  99% used [0x0000000083a10000, 0x000000008414fff8, 0x0000000084150000)
  to   space 7424K,   0% used [0x0000000084150000, 0x0000000084150000, 0x0000000084890000)
 tenured generation   total 148512K, used 93111K [0x00000000aaaa0000, 0x00000000b3ba8000, 0x0000000100000000)
   the space 148512K,  62% used [0x00000000aaaa0000, 0x00000000b058dfc8, 0x00000000b058e000, 0x00000000b3ba8000)
 Metaspace       used 70387K, capacity 74368K, committed 74624K, reserved 1112064K
  class space    used 9806K, capacity 11341K, committed 11392K, reserved 1048576K
}
Event: 826.869 GC heap before
{Heap before GC invocations=66 (full 7):
 def new generation   total 66880K, used 66879K [0x0000000080000000, 0x0000000084890000, 0x00000000aaaa0000)
  eden space 59456K, 100% used [0x0000000080000000, 0x0000000083a10000, 0x0000000083a10000)
  from space 7424K,  99% used [0x0000000083a10000, 0x000000008414fff8, 0x0000000084150000)
  to   space 7424K,   0% used [0x0000000084150000, 0x0000000084150000, 0x0000000084890000)
 tenured generation   total 148512K, used 93111K [0x00000000aaaa0000, 0x00000000b3ba8000, 0x0000000100000000)
   the space 148512K,  62% used [0x00000000aaaa0000, 0x00000000b058dfc8, 0x00000000b058e000, 0x00000000b3ba8000)
 Metaspace       used 71132K, capacity 75254K, committed 75520K, reserved 1114112K
  class space    used 9912K, capacity 11461K, committed 11520K, reserved 1048576K
Event: 827.047 GC heap after
Heap after GC invocations=67 (full 7):
 def new generation   total 66880K, used 6654K [0x0000000080000000, 0x0000000084890000, 0x00000000aaaa0000)
  eden space 59456K,   0% used [0x0000000080000000, 0x0000000080000000, 0x0000000083a10000)
  from space 7424K,  89% used [0x0000000084150000, 0x00000000847cf8b8, 0x0000000084890000)
  to   space 7424K,   0% used [0x0000000083a10000, 0x0000000083a10000, 0x0000000084150000)
 tenured generation   total 148512K, used 99325K [0x00000000aaaa0000, 0x00000000b3ba8000, 0x0000000100000000)
   the space 148512K,  66% used [0x00000000aaaa0000, 0x00000000b0b9f7e8, 0x00000000b0b9f800, 0x00000000b3ba8000)
 Metaspace       used 71132K, capacity 75254K, committed 75520K, reserved 1114112K
  class space    used 9912K, capacity 11461K, committed 11520K, reserved 1048576K
}
Event: 830.042 GC heap before
{Heap before GC invocations=67 (full 7):
 def new generation   total 66880K, used 65543K [0x0000000080000000, 0x0000000084890000, 0x00000000aaaa0000)
  eden space 59456K,  99% used [0x0000000080000000, 0x00000000839825b8, 0x0000000083a10000)
  from space 7424K,  89% used [0x0000000084150000, 0x00000000847cf8b8, 0x0000000084890000)
  to   space 7424K,   0% used [0x0000000083a10000, 0x0000000083a10000, 0x0000000084150000)
 tenured generation   total 148512K, used 99325K [0x00000000aaaa0000, 0x00000000b3ba8000, 0x0000000100000000)
   the space 148512K,  66% used [0x00000000aaaa0000, 0x00000000b0b9f7e8, 0x00000000b0b9f800, 0x00000000b3ba8000)
 Metaspace       used 72094K, capacity 76216K, committed 76416K, reserved 1114112K
  class space    used 10050K, capacity 11604K, committed 11648K, reserved 1048576K
Event: 830.157 GC heap after
Heap after GC invocations=68 (full 7):
 def new generation   total 66880K, used 5644K [0x0000000080000000, 0x0000000084890000, 0x00000000aaaa0000)
  eden space 59456K,   0% used [0x0000000080000000, 0x0000000080000000, 0x0000000083a10000)
  from space 7424K,  76% used [0x0000000083a10000, 0x0000000083f932c0, 0x0000000084150000)
  to   space 7424K,   0% used [0x0000000084150000, 0x0000000084150000, 0x0000000084890000)
 tenured generation   total 148512K, used 105776K [0x00000000aaaa0000, 0x00000000b3ba8000, 0x0000000100000000)
   the space 148512K,  71% used [0x00000000aaaa0000, 0x00000000b11ec0c8, 0x00000000b11ec200, 0x00000000b3ba8000)
 Metaspace       used 72094K, capacity 76216K, committed 76416K, reserved 1114112K
  class space    used 10050K, capacity 11604K, committed 11648K, reserved 1048576K
}
Event: 834.476 GC heap before
{Heap before GC invocations=68 (full 7):
 def new generation   total 66880K, used 65100K [0x0000000080000000, 0x0000000084890000, 0x00000000aaaa0000)
  eden space 59456K, 100% used [0x0000000080000000, 0x0000000083a10000, 0x0000000083a10000)
  from space 7424K,  76% used [0x0000000083a10000, 0x0000000083f932c0, 0x0000000084150000)
  to   space 7424K,   0% used [0x0000000084150000, 0x0000000084150000, 0x0000000084890000)
 tenured generation   total 148512K, used 105776K [0x00000000aaaa0000, 0x00000000b3ba8000, 0x0000000100000000)
   the space 148512K,  71% used [0x00000000aaaa0000, 0x00000000b11ec0c8, 0x00000000b11ec200, 0x00000000b3ba8000)
 Metaspace       used 72682K, capacity 76930K, committed 77056K, reserved 1114112K
  class space    used 10149K, capacity 11741K, committed 11776K, reserved 1048576K
Event: 834.662 GC heap after
Heap after GC invocations=69 (full 7):
 def new generation   total 66880K, used 7424K [0x0000000080000000, 0x0000000084890000, 0x00000000aaaa0000)
  eden space 59456K,   0% used [0x0000000080000000, 0x0000000080000000, 0x0000000083a10000)
  from space 7424K, 100% used [0x0000000084150000, 0x0000000084890000, 0x0000000084890000)
  to   space 7424K,   0% used [0x0000000083a10000, 0x0000000083a10000, 0x0000000084150000)
 tenured generation   total 148512K, used 111259K [0x00000000aaaa0000, 0x00000000b3ba8000, 0x0000000100000000)
   the space 148512K,  74% used [0x00000000aaaa0000, 0x00000000b1746df0, 0x00000000b1746e00, 0x00000000b3ba8000)
 Metaspace       used 72682K, capacity 76930K, committed 77056K, reserved 1114112K
  class space    used 10149K, capacity 11741K, committed 11776K, reserved 1048576K
}

