# JRE version: Java(TM) SE Runtime Environment (8.0_45-b14) (build 1.8.0_45-b14)
# Java VM: Java HotSpot(TM) 64-Bit Server VM (25.45-b02 mixed mode linux-amd64 compressed oops)
Heap:
 def new generation   total 24640K, used 15429K [0x00000000c0000000, 0x00000000c1ab0000, 0x00000000d5550000)
  eden space 21952K,  67% used [0x00000000c0000000, 0x00000000c0e93b28, 0x00000000c1570000)
  from space 2688K,  18% used [0x00000000c1570000, 0x00000000c15eda20, 0x00000000c1810000)
  to   space 2688K,   0% used [0x00000000c1810000, 0x00000000c1810000, 0x00000000c1ab0000)
 tenured generation   total 54532K, used 53881K [0x00000000d5550000, 0x00000000d8a91000, 0x0000000100000000)
   the space 54532K,  98% used [0x00000000d5550000, 0x00000000d89ee478, 0x00000000d89ee600, 0x00000000d8a91000)
 Metaspace       used 7626K, capacity 8126K, committed 8192K, reserved 1056768K
  class space    used 709K, capacity 753K, committed 768K, reserved 1048576K
GC Heap History (10 events):
Event: 54.367 GC heap before
{Heap before GC invocations=55 (full 5):
 def new generation   total 24640K, used 21962K [0x00000000c0000000, 0x00000000c1ab0000, 0x00000000d5550000)
  eden space 21952K, 100% used [0x00000000c0000000, 0x00000000c1570000, 0x00000000c1570000)
  from space 2688K,   0% used [0x00000000c1810000, 0x00000000c1812ab8, 0x00000000c1ab0000)
  to   space 2688K,   0% used [0x00000000c1570000, 0x00000000c1570000, 0x00000000c1810000)
 tenured generation   total 54532K, used 35097K [0x00000000d5550000, 0x00000000d8a91000, 0x0000000100000000)
   the space 54532K,  64% used [0x00000000d5550000, 0x00000000d77964d0, 0x00000000d7796600, 0x00000000d8a91000)
 Metaspace       used 7619K, capacity 8126K, committed 8192K, reserved 1056768K
  class space    used 709K, capacity 753K, committed 768K, reserved 1048576K
Event: 54.409 GC heap after
Heap after GC invocations=56 (full 5):
 def new generation   total 24640K, used 694K [0x00000000c0000000, 0x00000000c1ab0000, 0x00000000d5550000)
  eden space 21952K,   0% used [0x00000000c0000000, 0x00000000c0000000, 0x00000000c1570000)
  from space 2688K,  25% used [0x00000000c1570000, 0x00000000c161d998, 0x00000000c1810000)
  to   space 2688K,   0% used [0x00000000c1810000, 0x00000000c1810000, 0x00000000c1ab0000)
 tenured generation   total 54532K, used 46033K [0x00000000d5550000, 0x00000000d8a91000, 0x0000000100000000)
   the space 54532K,  84% used [0x00000000d5550000, 0x00000000d8244498, 0x00000000d8244600, 0x00000000d8a91000)
 Metaspace       used 7619K, capacity 8126K, committed 8192K, reserved 1056768K
  class space    used 709K, capacity 753K, committed 768K, reserved 1048576K
}
Event: 54.817 GC heap before
{Heap before GC invocations=56 (full 5):
 def new generation   total 24640K, used 22646K [0x00000000c0000000, 0x00000000c1ab0000, 0x00000000d5550000)
  eden space 21952K, 100% used [0x00000000c0000000, 0x00000000c1570000, 0x00000000c1570000)
  from space 2688K,  25% used [0x00000000c1570000, 0x00000000c161d998, 0x00000000c1810000)
  to   space 2688K,   0% used [0x00000000c1810000, 0x00000000c1810000, 0x00000000c1ab0000)
 tenured generation   total 54532K, used 46033K [0x00000000d5550000, 0x00000000d8a91000, 0x0000000100000000)
   the space 54532K,  84% used [0x00000000d5550000, 0x00000000d8244498, 0x00000000d8244600, 0x00000000d8a91000)
 Metaspace       used 7622K, capacity 8126K, committed 8192K, reserved 1056768K
  class space    used 709K, capacity 753K, committed 768K, reserved 1048576K
Event: 54.959 GC heap after
Heap after GC invocations=57 (full 5):
 def new generation   total 24640K, used 2585K [0x00000000c0000000, 0x00000000c1ab0000, 0x00000000d5550000)
  eden space 21952K,   0% used [0x00000000c0000000, 0x00000000c0000000, 0x00000000c1570000)
  from space 2688K,  96% used [0x00000000c1810000, 0x00000000c1a96668, 0x00000000c1ab0000)
  to   space 2688K,   0% used [0x00000000c1570000, 0x00000000c1570000, 0x00000000c1810000)
 tenured generation   total 54532K, used 46033K [0x00000000d5550000, 0x00000000d8a91000, 0x0000000100000000)
   the space 54532K,  84% used [0x00000000d5550000, 0x00000000d8244498, 0x00000000d8244600, 0x00000000d8a91000)
 Metaspace       used 7622K, capacity 8126K, committed 8192K, reserved 1056768K
  class space    used 709K, capacity 753K, committed 768K, reserved 1048576K
}
Event: 55.487 GC heap before
{Heap before GC invocations=57 (full 5):
 def new generation   total 24640K, used 24537K [0x00000000c0000000, 0x00000000c1ab0000, 0x00000000d5550000)
  eden space 21952K, 100% used [0x00000000c0000000, 0x00000000c1570000, 0x00000000c1570000)
  from space 2688K,  96% used [0x00000000c1810000, 0x00000000c1a96668, 0x00000000c1ab0000)
  to   space 2688K,   0% used [0x00000000c1570000, 0x00000000c1570000, 0x00000000c1810000)
 tenured generation   total 54532K, used 46033K [0x00000000d5550000, 0x00000000d8a91000, 0x0000000100000000)
   the space 54532K,  84% used [0x00000000d5550000, 0x00000000d8244498, 0x00000000d8244600, 0x00000000d8a91000)
 Metaspace       used 7622K, capacity 8126K, committed 8192K, reserved 1056768K
  class space    used 709K, capacity 753K, committed 768K, reserved 1048576K
Event: 55.507 GC heap after
Heap after GC invocations=58 (full 5):
 def new generation   total 24640K, used 3K [0x00000000c0000000, 0x00000000c1ab0000, 0x00000000d5550000)
  eden space 21952K,   0% used [0x00000000c0000000, 0x00000000c0000000, 0x00000000c1570000)
  from space 2688K,   0% used [0x00000000c1570000, 0x00000000c1570fb8, 0x00000000c1810000)
  to   space 2688K,   0% used [0x00000000c1810000, 0x00000000c1810000, 0x00000000c1ab0000)
 tenured generation   total 54532K, used 48617K [0x00000000d5550000, 0x00000000d8a91000, 0x0000000100000000)
   the space 54532K,  89% used [0x00000000d5550000, 0x00000000d84ca418, 0x00000000d84ca600, 0x00000000d8a91000)
 Metaspace       used 7622K, capacity 8126K, committed 8192K, reserved 1056768K
  class space    used 709K, capacity 753K, committed 768K, reserved 1048576K
}
Event: 57.208 GC heap before
{Heap before GC invocations=58 (full 5):
 def new generation   total 24640K, used 21955K [0x00000000c0000000, 0x00000000c1ab0000, 0x00000000d5550000)
  eden space 21952K, 100% used [0x00000000c0000000, 0x00000000c1570000, 0x00000000c1570000)
  from space 2688K,   0% used [0x00000000c1570000, 0x00000000c1570fb8, 0x00000000c1810000)
  to   space 2688K,   0% used [0x00000000c1810000, 0x00000000c1810000, 0x00000000c1ab0000)
 tenured generation   total 54532K, used 48617K [0x00000000d5550000, 0x00000000d8a91000, 0x0000000100000000)
   the space 54532K,  89% used [0x00000000d5550000, 0x00000000d84ca418, 0x00000000d84ca600, 0x00000000d8a91000)
 Metaspace       used 7622K, capacity 8126K, committed 8192K, reserved 1056768K
  class space    used 709K, capacity 753K, committed 768K, reserved 1048576K
Event: 57.593 GC heap after
Heap after GC invocations=59 (full 5):
 def new generation   total 24640K, used 2K [0x00000000c0000000, 0x00000000c1ab0000, 0x00000000d5550000)
  eden space 21952K,   0% used [0x00000000c0000000, 0x00000000c0000000, 0x00000000c1570000)
  from space 2688K,   0% used [0x00000000c1810000, 0x00000000c1810908, 0x00000000c1ab0000)
  to   space 2688K,   0% used [0x00000000c1570000, 0x00000000c1570000, 0x00000000c1810000)
 tenured generation   total 54532K, used 48617K [0x00000000d5550000, 0x00000000d8a91000, 0x0000000100000000)
   the space 54532K,  89% used [0x00000000d5550000, 0x00000000d84ca418, 0x00000000d84ca600, 0x00000000d8a91000)
 Metaspace       used 7622K, capacity 8126K, committed 8192K, reserved 1056768K
  class space    used 709K, capacity 753K, committed 768K, reserved 1048576K
}
Event: 59.808 GC heap before
{Heap before GC invocations=59 (full 5):
 def new generation   total 24640K, used 21954K [0x00000000c0000000, 0x00000000c1ab0000, 0x00000000d5550000)
  eden space 21952K, 100% used [0x00000000c0000000, 0x00000000c1570000, 0x00000000c1570000)
  from space 2688K,   0% used [0x00000000c1810000, 0x00000000c1810908, 0x00000000c1ab0000)
  to   space 2688K,   0% used [0x00000000c1570000, 0x00000000c1570000, 0x00000000c1810000)
 tenured generation   total 54532K, used 48617K [0x00000000d5550000, 0x00000000d8a91000, 0x0000000100000000)
   the space 54532K,  89% used [0x00000000d5550000, 0x00000000d84ca418, 0x00000000d84ca600, 0x00000000d8a91000)
 Metaspace       used 7626K, capacity 8126K, committed 8192K, reserved 1056768K
  class space    used 709K, capacity 753K, committed 768K, reserved 1048576K
Event: 60.488 GC heap after
Heap after GC invocations=60 (full 5):
 def new generation   total 24640K, used 502K [0x00000000c0000000, 0x00000000c1ab0000, 0x00000000d5550000)
  eden space 21952K,   0% used [0x00000000c0000000, 0x00000000c0000000, 0x00000000c1570000)
  from space 2688K,  18% used [0x00000000c1570000, 0x00000000c15eda20, 0x00000000c1810000)
  to   space 2688K,   0% used [0x00000000c1810000, 0x00000000c1810000, 0x00000000c1ab0000)
 tenured generation   total 54532K, used 53881K [0x00000000d5550000, 0x00000000d8a91000, 0x0000000100000000)
   the space 54532K,  98% used [0x00000000d5550000, 0x00000000d89ee478, 0x00000000d89ee600, 0x00000000d8a91000)
 Metaspace       used 7626K, capacity 8126K, committed 8192K, reserved 1056768K
  class space    used 709K, capacity 753K, committed 768K, reserved 1048576K
}

